2024-09-30 00:19:24,895 [INFO] Activator:176 - 


2024-09-30 00:19:24,911 [INFO] Activator:177 - !SESSION log4j initialized
2024-09-30 00:19:26,683 [INFO] LogOutputStream:77 - [STDOUT_REDIRECT] 
2024-09-30 00:19:27,966 [INFO] ApplicationProperties:184 - Using Application install path: C:\ST\STM32CubeIDE_1.16.1\STM32CubeIDE\plugins\com.st.stm32cube.common.mx_6.12.1.202409122256
2024-09-30 00:19:27,984 [INFO] DbMcusXml:78 - Set database path to: C:\ST\STM32CubeIDE_1.16.1\STM32CubeIDE\plugins\com.st.stm32cube.common.mx_6.12.1.202409122256\\db\/mcu/
2024-09-30 00:19:27,984 [INFO] ApiDb:274 - Set plugin database path to: C:\ST\STM32CubeIDE_1.16.1\STM32CubeIDE\plugins\com.st.stm32cube.common.mx_6.12.1.202409122256\\db\/plugins/boardmanager/
2024-09-30 00:19:27,985 [WARN] ApiDb:259 - Overriding images path with different value:  => C:\ST\STM32CubeIDE_1.16.1\STM32CubeIDE\plugins\com.st.stm32cube.common.mx_6.12.1.202409122256\\db\/plugins/mcufinder/images/
2024-09-30 00:19:27,989 [INFO] ApiDb:250 - Set database path to: C:\Users\Anh Dung\.stmcufinder\plugins\mcufinder//mcu/
2024-09-30 00:19:27,990 [INFO] DbMcusAds:125 - Set database path to: C:\Users\Anh Dung\.stmcufinder\plugins\mcufinder//mcu/
2024-09-30 00:19:27,993 [INFO] CrossReferenceDbSqlite:203 - Set database path to: C:\Users\Anh Dung\.stmcufinder\plugins\mcufinder//mcu/cs/
2024-09-30 00:19:28,076 [INFO] RulesReader:64 - Compatibility file has been processed (297 Rules)
2024-09-30 00:19:28,128 [INFO] DbMcusXml:78 - Set database path to: C:\ST\STM32CubeIDE_1.16.1\STM32CubeIDE\plugins\com.st.stm32cube.common.mx_6.12.1.202409122256\\db\/mcu/
2024-09-30 00:19:28,128 [INFO] ApiDb:274 - Set plugin database path to: C:\ST\STM32CubeIDE_1.16.1\STM32CubeIDE\plugins\com.st.stm32cube.common.mx_6.12.1.202409122256\\db\/plugins/boardmanager/
2024-09-30 00:19:28,128 [INFO] ApiDb:261 - Set plugin images path to: C:\ST\STM32CubeIDE_1.16.1\STM32CubeIDE\plugins\com.st.stm32cube.common.mx_6.12.1.202409122256\\db\/plugins/mcufinder/images/
2024-09-30 00:19:28,128 [WARN] DbFile:41 - Overriding database path with different value: C:\Users\Anh Dung\.stmcufinder\plugins\mcufinder/ => C:\Users\Anh Dung\.stmcufinder\plugins\mcufinder
2024-09-30 00:19:28,128 [INFO] ApiDb:250 - Set database path to: C:\Users\Anh Dung\.stmcufinder\plugins\mcufinder//mcu/
2024-09-30 00:19:28,128 [WARN] DbFile:41 - Overriding database path with different value: C:\Users\Anh Dung\.stmcufinder\plugins\mcufinder/ => C:\Users\Anh Dung\.stmcufinder\plugins\mcufinder
2024-09-30 00:19:28,129 [INFO] DbMcusAds:125 - Set database path to: C:\Users\Anh Dung\.stmcufinder\plugins\mcufinder//mcu/
2024-09-30 00:19:28,129 [WARN] DbFile:41 - Overriding database path with different value: C:\Users\Anh Dung\.stmcufinder\plugins\mcufinder/ => C:\Users\Anh Dung\.stmcufinder\plugins\mcufinder
2024-09-30 00:19:28,129 [WARN] DbFile:41 - Overriding database path with different value: C:\Users\Anh Dung\.stmcufinder\plugins\mcufinder/ => C:\Users\Anh Dung\.stmcufinder\plugins\mcufinder
2024-09-30 00:19:28,129 [INFO] CrossReferenceDbSqlite:203 - Set database path to: C:\Users\Anh Dung\.stmcufinder\plugins\mcufinder//mcu/cs/
2024-09-30 00:19:28,179 [INFO] MainPanel:268 - HeapMemory: 268435456
2024-09-30 00:19:28,227 [INFO] DbMcusXml:78 - Set database path to: C:\ST\STM32CubeIDE_1.16.1\STM32CubeIDE\plugins\com.st.stm32cube.common.mx_6.12.1.202409122256\\db\/mcu/
2024-09-30 00:19:28,227 [INFO] ApiDb:274 - Set plugin database path to: C:\ST\STM32CubeIDE_1.16.1\STM32CubeIDE\plugins\com.st.stm32cube.common.mx_6.12.1.202409122256\\db\/plugins/boardmanager/
2024-09-30 00:19:28,227 [INFO] ApiDb:261 - Set plugin images path to: C:\ST\STM32CubeIDE_1.16.1\STM32CubeIDE\plugins\com.st.stm32cube.common.mx_6.12.1.202409122256\\db\/plugins/mcufinder/images/
2024-09-30 00:19:28,227 [WARN] DbFile:41 - Overriding database path with different value: C:\Users\Anh Dung\.stmcufinder\plugins\mcufinder/ => C:\Users\Anh Dung\.stmcufinder\plugins\mcufinder
2024-09-30 00:19:28,227 [INFO] ApiDb:250 - Set database path to: C:\Users\Anh Dung\.stmcufinder\plugins\mcufinder//mcu/
2024-09-30 00:19:28,228 [WARN] DbFile:41 - Overriding database path with different value: C:\Users\Anh Dung\.stmcufinder\plugins\mcufinder/ => C:\Users\Anh Dung\.stmcufinder\plugins\mcufinder
2024-09-30 00:19:28,228 [INFO] DbMcusAds:125 - Set database path to: C:\Users\Anh Dung\.stmcufinder\plugins\mcufinder//mcu/
2024-09-30 00:19:28,228 [WARN] DbFile:41 - Overriding database path with different value: C:\Users\Anh Dung\.stmcufinder\plugins\mcufinder/ => C:\Users\Anh Dung\.stmcufinder\plugins\mcufinder
2024-09-30 00:19:28,228 [WARN] DbFile:41 - Overriding database path with different value: C:\Users\Anh Dung\.stmcufinder\plugins\mcufinder/ => C:\Users\Anh Dung\.stmcufinder\plugins\mcufinder
2024-09-30 00:19:28,228 [INFO] CrossReferenceDbSqlite:203 - Set database path to: C:\Users\Anh Dung\.stmcufinder\plugins\mcufinder//mcu/cs/
2024-09-30 00:19:28,240 [INFO] ApplicationProperties:184 - Using Application install path: C:\ST\STM32CubeIDE_1.16.1\STM32CubeIDE\plugins\com.st.stm32cube.common.mx_6.12.1.202409122256
2024-09-30 00:19:28,241 [INFO] PluginManage:196 - Search for loadable plugins [exclusion list=, ]
2024-09-30 00:19:28,242 [INFO] PluginManage:310 - Check plugin analytics
2024-09-30 00:19:28,353 [INFO] AnalyticsPlugin:253 - Accepted Software Licenses: STM32CubeMX.6.12.1
2024-09-30 00:19:28,353 [INFO] AnalyticsPlugin:255 - Accepted CMSIS Pack Licenses: 
2024-09-30 00:19:28,353 [INFO] AnalyticsPlugin:257 - Accepted Firmware Licenses: FW.F4.1.28.0,FW.F4.1.27.0
2024-09-30 00:19:28,356 [INFO] PluginManage:359 - Loaded plugin analytics (category:tool,tabindex:-1)
2024-09-30 00:19:28,356 [INFO] PluginManage:310 - Check plugin cadmodel
2024-09-30 00:19:28,359 [INFO] CADModel:105 - Init CAD model plugin
2024-09-30 00:19:28,359 [INFO] PluginManage:359 - Loaded plugin cadmodel (category:power,tabindex:5)
2024-09-30 00:19:28,359 [INFO] PluginManage:310 - Check plugin clock
2024-09-30 00:19:28,367 [INFO] PluginManage:359 - Loaded plugin clock (category:base,tabindex:2)
2024-09-30 00:19:28,367 [INFO] PluginManage:310 - Check plugin ddr
2024-09-30 00:19:28,368 [INFO] PluginManage:359 - Loaded plugin ddr (category:tool,tabindex:6)
2024-09-30 00:19:28,369 [INFO] PluginManage:310 - Check plugin filemanager
2024-09-30 00:19:28,475 [INFO] PluginManage:359 - Loaded plugin filemanager (category:base,tabindex:10)
2024-09-30 00:19:28,477 [INFO] PluginManage:310 - Check plugin ipmanager
2024-09-30 00:19:28,484 [INFO] PluginManage:359 - Loaded plugin ipmanager (category:base,tabindex:5)
2024-09-30 00:19:28,484 [INFO] PluginManage:310 - Check plugin lpbam
2024-09-30 00:19:28,492 [INFO] PluginManage:359 - Loaded plugin lpbam (category:base,tabindex:0)
2024-09-30 00:19:28,492 [INFO] PluginManage:310 - Check plugin memorymap
2024-09-30 00:19:28,507 [INFO] PluginManage:359 - Loaded plugin memorymap (category:base,tabindex:4)
2024-09-30 00:19:28,507 [INFO] PluginManage:310 - Check plugin pinoutandconfiguration
2024-09-30 00:19:28,515 [INFO] PluginManage:359 - Loaded plugin pinoutandconfiguration (category:base,tabindex:1)
2024-09-30 00:19:28,515 [INFO] PluginManage:310 - Check plugin pinoutconfig
2024-09-30 00:19:28,577 [WARN] SupportedApi:132 - Cannot load RTOS API schema: s4s-elt-must-match.1: The content of 'definitions' must match (annotation?, (simpleType | complexType)?, (unique | key | keyref)*)). A problem was found starting at: attribute.
2024-09-30 00:19:28,694 [INFO] PluginManage:359 - Loaded plugin pinoutconfig (category:base,tabindex:0)
2024-09-30 00:19:28,694 [INFO] PluginManage:310 - Check plugin power
2024-09-30 00:19:28,699 [INFO] PluginManage:359 - Loaded plugin power (category:power,tabindex:4)
2024-09-30 00:19:28,699 [INFO] PluginManage:310 - Check plugin projectmanager
2024-09-30 00:19:28,710 [INFO] PluginManage:359 - Loaded plugin projectmanager (category:projectmanager,tabindex:4)
2024-09-30 00:19:28,710 [INFO] PluginManage:310 - Check plugin rif
2024-09-30 00:19:28,714 [INFO] PluginManage:359 - Loaded plugin rif (category:base,tabindex:3)
2024-09-30 00:19:28,714 [INFO] PluginManage:310 - Check plugin thirdparty
2024-09-30 00:19:28,795 [INFO] PluginManage:359 - Loaded plugin thirdparty (category:base,tabindex:-1)
2024-09-30 00:19:28,796 [INFO] PluginManage:310 - Check plugin tools
2024-09-30 00:19:28,795 [WARN] IntegrityCheckThread:84 - waiting for thirdparty lock release [integrity check]
2024-09-30 00:19:28,796 [INFO] IntegrityCheckThread:86 - entering critical section [integrity check]
2024-09-30 00:19:28,796 [INFO] ThirdPartyUpdaterWithRetryManager:70 - Updater plugin not ready yet. [1/15]
2024-09-30 00:19:28,798 [INFO] PluginManage:359 - Loaded plugin tools (category:base,tabindex:7)
2024-09-30 00:19:28,798 [INFO] PluginManage:310 - Check plugin tutovideos
2024-09-30 00:19:28,943 [INFO] PluginManage:359 - Loaded plugin tutovideos (category:base,tabindex:-1)
2024-09-30 00:19:28,943 [INFO] PluginManage:310 - Check plugin updater
2024-09-30 00:19:28,957 [INFO] PluginManage:359 - Loaded plugin updater (category:base,tabindex:12)
2024-09-30 00:19:28,957 [INFO] PluginManage:310 - Check plugin userauth
2024-09-30 00:19:28,962 [INFO] UserAuth:113 - Init User Auth plugin
2024-09-30 00:19:28,963 [INFO] PluginManage:359 - Loaded plugin userauth (category:base,tabindex:14)
2024-09-30 00:19:28,963 [INFO] PluginManage:283 - PluginManage : Loaded plugins [18]
2024-09-30 00:19:29,125 [INFO] PinOutPanel:1561 - setPackage(No Configuration,No Configuration)
2024-09-30 00:19:29,184 [INFO] CADModel:165 - CPN selected for project level
2024-09-30 00:19:29,184 [INFO] CADModel:114 - Register for checkConnection events
2024-09-30 00:19:29,196 [INFO] IPUIPlugin:80 - create IPUIPlugin
2024-09-30 00:19:29,197 [INFO] PluginManager:220 - loadIPPluginJar : add adc
2024-09-30 00:19:29,199 [INFO] IPUIPlugin:80 - create IPUIPlugin
2024-09-30 00:19:29,199 [INFO] PluginManager:220 - loadIPPluginJar : add aes
2024-09-30 00:19:29,201 [INFO] IPUIPlugin:80 - create IPUIPlugin
2024-09-30 00:19:29,201 [INFO] PluginManager:220 - loadIPPluginJar : add can
2024-09-30 00:19:29,202 [INFO] IPUIPlugin:80 - create IPUIPlugin
2024-09-30 00:19:29,202 [INFO] PluginManager:220 - loadIPPluginJar : add comp
2024-09-30 00:19:29,204 [INFO] IPUIPlugin:80 - create IPUIPlugin
2024-09-30 00:19:29,204 [INFO] PluginManager:220 - loadIPPluginJar : add cryp
2024-09-30 00:19:29,206 [INFO] IPUIPlugin:80 - create IPUIPlugin
2024-09-30 00:19:29,206 [INFO] PluginManager:220 - loadIPPluginJar : add ddr_ctrl_phy
2024-09-30 00:19:29,208 [INFO] IPUIPlugin:80 - create IPUIPlugin
2024-09-30 00:19:29,208 [INFO] PluginManager:220 - loadIPPluginJar : add dfsdm
2024-09-30 00:19:29,212 [INFO] IPUIPlugin:80 - create IPUIPlugin
2024-09-30 00:19:29,213 [INFO] PluginManager:220 - loadIPPluginJar : add dma
2024-09-30 00:19:29,215 [INFO] IPUIPlugin:80 - create IPUIPlugin
2024-09-30 00:19:29,215 [INFO] PluginManager:220 - loadIPPluginJar : add dma3
2024-09-30 00:19:29,217 [INFO] IPUIPlugin:80 - create IPUIPlugin
2024-09-30 00:19:29,217 [INFO] PluginManager:220 - loadIPPluginJar : add extmemmanager
2024-09-30 00:19:29,218 [INFO] IPUIPlugin:80 - create IPUIPlugin
2024-09-30 00:19:29,218 [INFO] PluginManager:220 - loadIPPluginJar : add fatfs
2024-09-30 00:19:29,221 [INFO] IPUIPlugin:80 - create IPUIPlugin
2024-09-30 00:19:29,221 [INFO] PluginManager:220 - loadIPPluginJar : add fmc
2024-09-30 00:19:29,225 [INFO] IPUIPlugin:80 - create IPUIPlugin
2024-09-30 00:19:29,225 [INFO] PluginManager:220 - loadIPPluginJar : add freertos
2024-09-30 00:19:29,226 [INFO] IPUIPlugin:80 - create IPUIPlugin
2024-09-30 00:19:29,227 [INFO] PluginManager:220 - loadIPPluginJar : add genericplugin
2024-09-30 00:19:29,228 [INFO] IPUIPlugin:80 - create IPUIPlugin
2024-09-30 00:19:29,228 [INFO] PluginManager:220 - loadIPPluginJar : add gfxmmu
2024-09-30 00:19:29,232 [INFO] IPUIPlugin:80 - create IPUIPlugin
2024-09-30 00:19:29,232 [INFO] PluginManager:220 - loadIPPluginJar : add gic
2024-09-30 00:19:29,235 [INFO] IPUIPlugin:80 - create IPUIPlugin
2024-09-30 00:19:29,235 [INFO] PluginManager:220 - loadIPPluginJar : add gpio
2024-09-30 00:19:29,237 [INFO] IPUIPlugin:80 - create IPUIPlugin
2024-09-30 00:19:29,238 [INFO] PluginManager:220 - loadIPPluginJar : add gtzc
2024-09-30 00:19:29,239 [INFO] IPUIPlugin:80 - create IPUIPlugin
2024-09-30 00:19:29,239 [INFO] PluginManager:220 - loadIPPluginJar : add hash
2024-09-30 00:19:29,241 [INFO] IPUIPlugin:80 - create IPUIPlugin
2024-09-30 00:19:29,241 [INFO] PluginManager:220 - loadIPPluginJar : add i2c
2024-09-30 00:19:29,242 [INFO] IPUIPlugin:80 - create IPUIPlugin
2024-09-30 00:19:29,243 [INFO] PluginManager:220 - loadIPPluginJar : add i2s
2024-09-30 00:19:29,244 [INFO] IPUIPlugin:80 - create IPUIPlugin
2024-09-30 00:19:29,244 [INFO] PluginManager:220 - loadIPPluginJar : add i3c
2024-09-30 00:19:29,247 [INFO] IPUIPlugin:80 - create IPUIPlugin
2024-09-30 00:19:29,247 [INFO] PluginManager:220 - loadIPPluginJar : add ipddr
2024-09-30 00:19:29,253 [INFO] IPUIPlugin:80 - create IPUIPlugin
2024-09-30 00:19:29,253 [INFO] PluginManager:220 - loadIPPluginJar : add linkedlist
2024-09-30 00:19:29,255 [INFO] IPUIPlugin:80 - create IPUIPlugin
2024-09-30 00:19:29,255 [INFO] PluginManager:220 - loadIPPluginJar : add lorawan
2024-09-30 00:19:29,256 [INFO] IPUIPlugin:80 - create IPUIPlugin
2024-09-30 00:19:29,256 [INFO] PluginManager:220 - loadIPPluginJar : add ltdc
2024-09-30 00:19:29,260 [INFO] IPUIPlugin:80 - create IPUIPlugin
2024-09-30 00:19:29,261 [INFO] PluginManager:220 - loadIPPluginJar : add mdma
2024-09-30 00:19:29,264 [INFO] IPUIPlugin:80 - create IPUIPlugin
2024-09-30 00:19:29,264 [INFO] PluginManager:220 - loadIPPluginJar : add nvic
2024-09-30 00:19:29,267 [INFO] IPUIPlugin:80 - create IPUIPlugin
2024-09-30 00:19:29,268 [INFO] PluginManager:220 - loadIPPluginJar : add opamp
2024-09-30 00:19:29,270 [INFO] IPUIPlugin:80 - create IPUIPlugin
2024-09-30 00:19:29,270 [INFO] PluginManager:220 - loadIPPluginJar : add openamp
2024-09-30 00:19:29,274 [INFO] IPUIPlugin:80 - create IPUIPlugin
2024-09-30 00:19:29,274 [INFO] PluginManager:220 - loadIPPluginJar : add pdm2pcm
2024-09-30 00:19:29,279 [INFO] IPUIPlugin:80 - create IPUIPlugin
2024-09-30 00:19:29,281 [INFO] PluginManager:220 - loadIPPluginJar : add plateformsettings
2024-09-30 00:19:29,283 [INFO] IPUIPlugin:80 - create IPUIPlugin
2024-09-30 00:19:29,283 [INFO] PluginManager:220 - loadIPPluginJar : add quadspi
2024-09-30 00:19:29,285 [INFO] IPUIPlugin:80 - create IPUIPlugin
2024-09-30 00:19:29,285 [INFO] PluginManager:220 - loadIPPluginJar : add radio
2024-09-30 00:19:29,287 [INFO] IPUIPlugin:80 - create IPUIPlugin
2024-09-30 00:19:29,287 [INFO] PluginManager:220 - loadIPPluginJar : add resmgrutility
2024-09-30 00:19:29,288 [INFO] IPUIPlugin:80 - create IPUIPlugin
2024-09-30 00:19:29,288 [INFO] PluginManager:220 - loadIPPluginJar : add sai
2024-09-30 00:19:29,290 [INFO] IPUIPlugin:80 - create IPUIPlugin
2024-09-30 00:19:29,290 [INFO] PluginManager:220 - loadIPPluginJar : add spi
2024-09-30 00:19:29,293 [INFO] IPUIPlugin:80 - create IPUIPlugin
2024-09-30 00:19:29,293 [INFO] PluginManager:220 - loadIPPluginJar : add stm32_wpan
2024-09-30 00:19:29,294 [INFO] IPUIPlugin:80 - create IPUIPlugin
2024-09-30 00:19:29,294 [INFO] PluginManager:220 - loadIPPluginJar : add tim
2024-09-30 00:19:29,296 [INFO] IPUIPlugin:80 - create IPUIPlugin
2024-09-30 00:19:29,296 [INFO] PluginManager:220 - loadIPPluginJar : add touchsensing
2024-09-30 00:19:29,297 [INFO] IPUIPlugin:80 - create IPUIPlugin
2024-09-30 00:19:29,297 [INFO] PluginManager:220 - loadIPPluginJar : add tracer_emb
2024-09-30 00:19:29,298 [INFO] IPUIPlugin:80 - create IPUIPlugin
2024-09-30 00:19:29,298 [INFO] PluginManager:220 - loadIPPluginJar : add ts
2024-09-30 00:19:29,299 [INFO] IPUIPlugin:80 - create IPUIPlugin
2024-09-30 00:19:29,299 [INFO] PluginManager:220 - loadIPPluginJar : add tsc
2024-09-30 00:19:29,300 [INFO] IPUIPlugin:80 - create IPUIPlugin
2024-09-30 00:19:29,300 [INFO] PluginManager:220 - loadIPPluginJar : add ucpd
2024-09-30 00:19:29,302 [INFO] IPUIPlugin:80 - create IPUIPlugin
2024-09-30 00:19:29,302 [INFO] PluginManager:220 - loadIPPluginJar : add usart
2024-09-30 00:19:29,303 [INFO] IPUIPlugin:80 - create IPUIPlugin
2024-09-30 00:19:29,303 [INFO] PluginManager:220 - loadIPPluginJar : add usbx
2024-09-30 00:19:29,409 [INFO] CADModel:165 - CPN selected for project level
2024-09-30 00:19:29,409 [INFO] CADModel:114 - Register for checkConnection events
2024-09-30 00:19:29,409 [FATAL] Updater:334 - Updater called before beeing initialized
2024-09-30 00:19:29,409 [ERROR] CADModel:125 - Updater not yet initialized, retry later 
2024-09-30 00:19:29,489 [INFO] CADModel:165 - CPN selected for project level
2024-09-30 00:19:29,489 [INFO] CADModel:114 - Register for checkConnection events
2024-09-30 00:19:29,489 [FATAL] Updater:334 - Updater called before beeing initialized
2024-09-30 00:19:29,489 [ERROR] CADModel:125 - Updater not yet initialized, retry later 
2024-09-30 00:19:29,491 [FATAL] Updater:334 - Updater called before beeing initialized
2024-09-30 00:19:29,564 [FATAL] Updater:334 - Updater called before beeing initialized
2024-09-30 00:19:29,567 [INFO] DbMcusAds:53 - JSON generation date=Fri Sep 20 20:04:23 ICT 2024 (1726837463113)
2024-09-30 00:19:29,567 [FATAL] Updater:334 - Updater called before beeing initialized
2024-09-30 00:19:29,589 [WARN] DetailPanel:346 - Failed to get advertising image, set to default
2024-09-30 00:19:29,652 [FATAL] Updater:334 - Updater called before beeing initialized
2024-09-30 00:19:29,653 [FATAL] Updater:334 - Updater called before beeing initialized
2024-09-30 00:19:29,653 [FATAL] Updater:334 - Updater called before beeing initialized
2024-09-30 00:19:29,653 [WARN] DetailPanel:346 - Failed to get advertising image, set to default
2024-09-30 00:19:29,654 [FATAL] Updater:334 - Updater called before beeing initialized
2024-09-30 00:19:29,692 [ERROR] Updater:1164 - MainUpdater not yet initialized. External WinMGr cannot be set.
2024-09-30 00:19:29,693 [INFO] Updater:1100 - Updater Version found : 6.12.1
2024-09-30 00:19:29,706 [INFO] ApplicationProperties:184 - Using Application install path: C:\ST\STM32CubeIDE_1.16.1\STM32CubeIDE\plugins\com.st.stm32cube.common.mx_6.12.1.202409122256
2024-09-30 00:19:31,279 [ERROR] LogOutputStream:75 - [STDERR_REDIRECT] Sep 30, 2024 12:19:31 AM java.util.prefs.WindowsPreferences <init>
2024-09-30 00:19:31,280 [ERROR] LogOutputStream:75 - [STDERR_REDIRECT] WARNING: Could not open/create prefs root node Software\JavaSoft\Prefs at root 0xffffffff80000002. Windows RegCreateKeyEx(...) returned error code 5.
2024-09-30 00:19:31,280 [ERROR] LogOutputStream:75 - [STDERR_REDIRECT] 
2024-09-30 00:19:31,593 [INFO] MainUpdater:2873 - connection check result : 10
2024-09-30 00:19:31,594 [INFO] MainUpdater:290 - Updater Check For Update Now.
2024-09-30 00:19:31,594 [INFO] MicroXplorer:498 - Change Database Version : DB.6.0.121
2024-09-30 00:19:31,599 [INFO] McuFinderGlobals:63 - Set McuFinder mode to 2 (CubeIDE integrated)
2024-09-30 00:19:31,600 [INFO] UserAuth:417 - Internet connection configuration mode: 1
2024-09-30 00:19:31,613 [INFO] JxBrowserEngine:152 - Initiate JxBrowser Engine with user profile folder
2024-09-30 00:19:31,747 [INFO] CheckServerUpdateThread:120 - End of CheckServer Thread
2024-09-30 00:19:31,926 [WARN] PackLoader:240 - Cannot read IP mode file for STMicroelectronics.FP-SNS-MOTENVWB1.1.4.0
2024-09-30 00:19:31,942 [WARN] PackLoader:240 - Cannot read IP mode file for STMicroelectronics.X-CUBE-SMBUS.2.1.0
2024-09-30 00:19:31,968 [WARN] PackLoader:240 - Cannot read IP mode file for STMicroelectronics.X-CUBE-AZRTOS-F7.1.1.0
2024-09-30 00:19:32,020 [WARN] PackLoader:240 - Cannot read IP mode file for STMicroelectronics.X-CUBE-MEMS1.11.0.0
2024-09-30 00:19:32,112 [WARN] PackLoader:240 - Cannot read IP mode file for STMicroelectronics.FP-SNS-FLIGHT1.5.0.2
2024-09-30 00:19:32,117 [WARN] PackLoader:240 - Cannot read IP mode file for STMicroelectronics.X-CUBE-DISPLAY.3.0.0
2024-09-30 00:19:32,123 [WARN] PackLoader:240 - Cannot read IP mode file for STMicroelectronics.X-CUBE-BLE1.7.0.0
2024-09-30 00:19:32,127 [WARN] PackLoader:240 - Cannot read IP mode file for STMicroelectronics.X-CUBE-NFC10.1.0.0
2024-09-30 00:19:32,131 [WARN] PackLoader:240 - Cannot read IP mode file for emotas.I-CUBE-CANOPEN.1.3.0
2024-09-30 00:19:32,136 [WARN] PackLoader:240 - Cannot read IP mode file for STMicroelectronics.X-CUBE-BLEMGR.3.1.0
2024-09-30 00:19:32,141 [WARN] PackLoader:240 - Cannot read IP mode file for STMicroelectronics.FP-SNS-SMARTAG2.1.2.0
2024-09-30 00:19:32,146 [INFO] LogOutputStream:77 - [STDOUT_REDIRECT] 1 : Invalid condition id : UX_CORESTACK_Condition cause : null
2024-09-30 00:19:32,146 [INFO] LogOutputStream:77 - [STDOUT_REDIRECT] 1 : Invalid condition id : UX_CORESTACK_Condition cause : null
2024-09-30 00:19:32,147 [INFO] LogOutputStream:77 - [STDOUT_REDIRECT] 1 : Invalid condition id : UX_CORESTACK_Condition cause : null
2024-09-30 00:19:32,148 [INFO] LogOutputStream:77 - [STDOUT_REDIRECT] 1 : Invalid condition id : UX_CORESTACK_Condition cause : null
2024-09-30 00:19:32,148 [INFO] LogOutputStream:77 - [STDOUT_REDIRECT] 1 : Invalid condition id : UX_CORESTACK_Condition cause : null
2024-09-30 00:19:32,150 [WARN] PackLoader:240 - Cannot read IP mode file for STMicroelectronics.X-CUBE-AZRTOS-WL.2.0.0
2024-09-30 00:19:32,154 [WARN] PackLoader:240 - Cannot read IP mode file for STMicroelectronics.FP-SNS-MOTENV1.5.0.0
2024-09-30 00:19:32,157 [WARN] PackLoader:240 - Cannot read IP mode file for wolfSSL.I-CUBE-wolfMQTT.1.19.0
2024-09-30 00:19:32,162 [WARN] PackLoader:240 - Cannot read IP mode file for WES.I-CUBE-Cesium.1.3.0
2024-09-30 00:19:32,165 [WARN] PackLoader:240 - Cannot read IP mode file for STMicroelectronics.X-CUBE-BLE2.3.3.0
2024-09-30 00:19:32,168 [WARN] PackLoader:240 - Cannot read IP mode file for STMicroelectronics.X-CUBE-NFC9.1.0.0
2024-09-30 00:19:32,172 [WARN] PackLoader:240 - Cannot read IP mode file for STMicroelectronics.X-CUBE-TCPP.4.1.0
2024-09-30 00:19:32,180 [WARN] PackLoader:240 - Cannot read IP mode file for STMicroelectronics.X-CUBE-AZRTOS-G0.1.1.0
2024-09-30 00:19:32,184 [WARN] PackLoader:240 - Cannot read IP mode file for STMicroelectronics.X-CUBE-SAFEA1.1.2.2
2024-09-30 00:19:32,187 [WARN] PackLoader:240 - Cannot read IP mode file for STMicroelectronics.X-CUBE-NFC4.3.0.0
2024-09-30 00:19:32,193 [WARN] PackLoader:240 - Cannot read IP mode file for EmbeddedOffice.I-CUBE-FS-RTOS.1.0.1
2024-09-30 00:19:32,193 [ERROR] ConditionMgr:805 - Attr not supported : Dmpu
2024-09-30 00:19:32,193 [ERROR] ConditionMgr:805 - Attr not supported : Dmpu
2024-09-30 00:19:32,193 [ERROR] ConditionMgr:805 - Attr not supported : Dmpu
2024-09-30 00:19:32,193 [ERROR] ConditionMgr:805 - Attr not supported : Dmpu
2024-09-30 00:19:32,193 [ERROR] ConditionMgr:805 - Attr not supported : Dmpu
2024-09-30 00:19:32,193 [ERROR] ConditionMgr:805 - Attr not supported : Dmpu
2024-09-30 00:19:32,193 [ERROR] ConditionMgr:805 - Attr not supported : Dmpu
2024-09-30 00:19:32,193 [ERROR] ConditionMgr:805 - Attr not supported : Dmpu
2024-09-30 00:19:32,194 [ERROR] ConditionMgr:805 - Attr not supported : Dmpu
2024-09-30 00:19:32,194 [ERROR] ConditionMgr:805 - Attr not supported : Dmpu
2024-09-30 00:19:32,194 [ERROR] ConditionMgr:805 - Attr not supported : Dmpu
2024-09-30 00:19:32,194 [ERROR] ConditionMgr:805 - Attr not supported : Dmpu
2024-09-30 00:19:32,194 [ERROR] ConditionMgr:805 - Attr not supported : Dmpu
2024-09-30 00:19:32,194 [ERROR] ConditionMgr:805 - Attr not supported : Dmpu
2024-09-30 00:19:32,194 [ERROR] ConditionMgr:805 - Attr not supported : Dmpu
2024-09-30 00:19:32,194 [ERROR] ConditionMgr:805 - Attr not supported : Dmpu
2024-09-30 00:19:32,194 [ERROR] ConditionMgr:805 - Attr not supported : Dmpu
2024-09-30 00:19:32,194 [ERROR] ConditionMgr:805 - Attr not supported : Dmpu
2024-09-30 00:19:32,194 [ERROR] ConditionMgr:805 - Attr not supported : Dmpu
2024-09-30 00:19:32,194 [ERROR] ConditionMgr:805 - Attr not supported : Dmpu
2024-09-30 00:19:32,194 [ERROR] ConditionMgr:805 - Attr not supported : Dmpu
2024-09-30 00:19:32,194 [ERROR] ConditionMgr:805 - Attr not supported : Dmpu
2024-09-30 00:19:32,194 [ERROR] ConditionMgr:805 - Attr not supported : Dmpu
2024-09-30 00:19:32,194 [ERROR] ConditionMgr:805 - Attr not supported : Dmpu
2024-09-30 00:19:32,194 [ERROR] ConditionMgr:805 - Attr not supported : Dmpu
2024-09-30 00:19:32,194 [ERROR] ConditionMgr:805 - Attr not supported : Dmpu
2024-09-30 00:19:32,194 [ERROR] ConditionMgr:805 - Attr not supported : Dmpu
2024-09-30 00:19:32,194 [ERROR] ConditionMgr:805 - Attr not supported : Dmpu
2024-09-30 00:19:32,194 [ERROR] ConditionMgr:805 - Attr not supported : Dmpu
2024-09-30 00:19:32,194 [ERROR] ConditionMgr:805 - Attr not supported : Dmpu
2024-09-30 00:19:32,194 [ERROR] ConditionMgr:805 - Attr not supported : Dmpu
2024-09-30 00:19:32,194 [ERROR] ConditionMgr:805 - Attr not supported : Dmpu
2024-09-30 00:19:32,194 [ERROR] ConditionMgr:805 - Attr not supported : Dmpu
2024-09-30 00:19:32,194 [ERROR] ConditionMgr:805 - Attr not supported : Dmpu
2024-09-30 00:19:32,194 [ERROR] ConditionMgr:805 - Attr not supported : Dmpu
2024-09-30 00:19:32,194 [ERROR] ConditionMgr:805 - Attr not supported : Dmpu
2024-09-30 00:19:32,194 [ERROR] ConditionMgr:805 - Attr not supported : Dmpu
2024-09-30 00:19:32,194 [ERROR] ConditionMgr:805 - Attr not supported : Dmpu
2024-09-30 00:19:32,194 [ERROR] ConditionMgr:805 - Attr not supported : Dmpu
2024-09-30 00:19:32,194 [ERROR] ConditionMgr:805 - Attr not supported : Dmpu
2024-09-30 00:19:32,194 [ERROR] ConditionMgr:805 - Attr not supported : Dmpu
2024-09-30 00:19:32,194 [ERROR] ConditionMgr:805 - Attr not supported : Dmpu
2024-09-30 00:19:32,195 [ERROR] ConditionMgr:805 - Attr not supported : Dmpu
2024-09-30 00:19:32,195 [ERROR] ConditionMgr:805 - Attr not supported : Dmpu
2024-09-30 00:19:32,195 [ERROR] ConditionMgr:805 - Attr not supported : Dmpu
2024-09-30 00:19:32,195 [ERROR] ConditionMgr:805 - Attr not supported : Dmpu
2024-09-30 00:19:32,195 [ERROR] ConditionMgr:805 - Attr not supported : Dmpu
2024-09-30 00:19:32,195 [INFO] WebApp:167 - Instantiating new browser for Auth
2024-09-30 00:19:32,195 [ERROR] ConditionMgr:805 - Attr not supported : Dmpu
2024-09-30 00:19:32,195 [ERROR] ConditionMgr:805 - Attr not supported : Dmpu
2024-09-30 00:19:32,195 [ERROR] ConditionMgr:805 - Attr not supported : Dmpu
2024-09-30 00:19:32,195 [ERROR] ConditionMgr:805 - Attr not supported : Dmpu
2024-09-30 00:19:32,195 [ERROR] ConditionMgr:805 - Attr not supported : Dmpu
2024-09-30 00:19:32,195 [ERROR] ConditionMgr:805 - Attr not supported : Dmpu
2024-09-30 00:19:32,195 [ERROR] ConditionMgr:805 - Attr not supported : Dmpu
2024-09-30 00:19:32,195 [ERROR] ConditionMgr:805 - Attr not supported : Dmpu
2024-09-30 00:19:32,195 [ERROR] ConditionMgr:805 - Attr not supported : Dmpu
2024-09-30 00:19:32,195 [ERROR] ConditionMgr:805 - Attr not supported : Dmpu
2024-09-30 00:19:32,195 [ERROR] ConditionMgr:805 - Attr not supported : Dmpu
2024-09-30 00:19:32,195 [ERROR] ConditionMgr:805 - Attr not supported : Dmpu
2024-09-30 00:19:32,195 [ERROR] ConditionMgr:805 - Attr not supported : Dmpu
2024-09-30 00:19:32,195 [ERROR] ConditionMgr:805 - Attr not supported : Dmpu
2024-09-30 00:19:32,195 [ERROR] ConditionMgr:805 - Attr not supported : Dmpu
2024-09-30 00:19:32,195 [ERROR] ConditionMgr:805 - Attr not supported : Dmpu
2024-09-30 00:19:32,195 [ERROR] ConditionMgr:805 - Attr not supported : Dmpu
2024-09-30 00:19:32,199 [WARN] PackLoader:240 - Cannot read IP mode file for RealThread.X-CUBE-RT-Thread_Nano.4.1.1
2024-09-30 00:19:32,203 [WARN] PackLoader:240 - Cannot read IP mode file for STMicroelectronics.FP-ATR-SIGFOX1.3.2.0
2024-09-30 00:19:32,207 [WARN] PackLoader:240 - Cannot read IP mode file for wolfSSL.I-CUBE-wolfSSL.5.7.2
2024-09-30 00:19:32,214 [WARN] PackLoader:240 - Cannot read IP mode file for STMicroelectronics.X-CUBE-EEPRMA1.5.1.0
2024-09-30 00:19:32,221 [WARN] PackLoader:240 - Cannot read IP mode file for ITTIA_DB.I-CUBE-ITTIADB.8.9.0
2024-09-30 00:19:32,251 [WARN] PackLoader:240 - Cannot read IP mode file for SEGGER.I-CUBE-embOS.1.3.1
2024-09-30 00:19:32,283 [WARN] PackLoader:240 - Cannot read IP mode file for STMicroelectronics.X-CUBE-ALGOBUILD.1.4.0
2024-09-30 00:19:32,297 [WARN] PackLoader:240 - Cannot read IP mode file for STMicroelectronics.X-CUBE-AZRTOS-F4.1.1.0
2024-09-30 00:19:32,306 [WARN] PackLoader:240 - Cannot read IP mode file for STMicroelectronics.X-CUBE-ISPU.2.1.0
2024-09-30 00:19:32,314 [WARN] PackLoader:240 - Cannot read IP mode file for STMicroelectronics.X-CUBE-FREERTOS.1.2.0
2024-09-30 00:19:32,328 [WARN] PackLoader:240 - Cannot read IP mode file for STMicroelectronics.X-CUBE-AZRTOS-L5.2.0.0
2024-09-30 00:19:32,337 [WARN] PackLoader:240 - Cannot read IP mode file for STMicroelectronics.X-CUBE-NFC6.3.1.0
2024-09-30 00:19:32,343 [WARN] PackLoader:240 - Cannot read IP mode file for STMicroelectronics.X-CUBE-DPower.1.2.0
2024-09-30 00:19:32,347 [WARN] PackLoader:240 - Cannot read IP mode file for STMicroelectronics.X-CUBE-AI.9.0.0
2024-09-30 00:19:32,351 [WARN] PackLoader:240 - Cannot read IP mode file for STMicroelectronics.X-CUBE-NFC7.1.0.1
2024-09-30 00:19:32,368 [WARN] ConditionMgr:438 - getConditionDescription Invalid condition id : LAN8742 Phy interface Condition cause : null
2024-09-30 00:19:32,368 [WARN] PackLoader:240 - Cannot read IP mode file for STMicroelectronics.X-CUBE-AZRTOS-L4.2.0.0
2024-09-30 00:19:32,370 [WARN] ConditionMgr:1039 - genDependencies : Invalid condition id : LAN8742 Phy interface Condition cause : null
2024-09-30 00:19:32,370 [WARN] ConditionMgr:1039 - genDependencies : Invalid condition id : LAN8742 Phy interface Condition cause : null
2024-09-30 00:19:32,370 [WARN] ConditionMgr:1039 - genDependencies : Invalid condition id : LAN8742 Phy interface Condition cause : null
2024-09-30 00:19:32,377 [WARN] PackLoader:240 - Cannot read IP mode file for STMicroelectronics.X-CUBE-SFXS2LP1.4.0.0
2024-09-30 00:19:32,389 [WARN] PackLoader:240 - Cannot read IP mode file for STMicroelectronics.X-CUBE-AZRTOS-H7.3.3.0
2024-09-30 00:19:32,398 [WARN] ConditionMgr:438 - getConditionDescription Invalid condition id : UX DEVICE CLASS RTOS Condition cause : null
2024-09-30 00:19:32,398 [WARN] ConditionMgr:438 - getConditionDescription Invalid condition id : UX DEVICE CLASS RTOS Condition cause : null
2024-09-30 00:19:32,399 [WARN] PackLoader:240 - Cannot read IP mode file for STMicroelectronics.X-CUBE-AZRTOS-WB.2.0.0
2024-09-30 00:19:32,400 [WARN] ConditionMgr:1039 - genDependencies : Invalid condition id : UX DEVICE CLASS RTOS Condition cause : null
2024-09-30 00:19:32,400 [WARN] ConditionMgr:1039 - genDependencies : Invalid condition id : UX DEVICE CLASS RTOS Condition cause : null
2024-09-30 00:19:32,400 [WARN] ConditionMgr:1039 - genDependencies : Invalid condition id : UX DEVICE CLASS RTOS Condition cause : null
2024-09-30 00:19:32,400 [WARN] ConditionMgr:1039 - genDependencies : Invalid condition id : UX DEVICE CLASS RTOS Condition cause : null
2024-09-30 00:19:32,400 [WARN] ConditionMgr:1039 - genDependencies : Invalid condition id : UX DEVICE CLASS RTOS Condition cause : null
2024-09-30 00:19:32,403 [WARN] PackLoader:240 - Cannot read IP mode file for STMicroelectronics.X-CUBE-GNSS1.7.0.0
2024-09-30 00:19:32,408 [WARN] PackLoader:240 - Cannot read IP mode file for STMicroelectronics.FP-SNS-STBOX1.2.0.0
2024-09-30 00:19:32,417 [WARN] PackLoader:240 - Cannot read IP mode file for STMicroelectronics.X-CUBE-SUBG2.5.0.0
2024-09-30 00:19:32,423 [WARN] PackLoader:240 - Cannot read IP mode file for Cesanta.I-CUBE-Mongoose.7.13.0
2024-09-30 00:19:32,432 [WARN] PackLoader:240 - Cannot read IP mode file for STMicroelectronics.X-CUBE-AZRTOS-G4.2.0.0
2024-09-30 00:19:32,436 [WARN] PackLoader:240 - Cannot read IP mode file for STMicroelectronics.X-CUBE-ALS.1.0.2
2024-09-30 00:19:32,441 [WARN] PackLoader:240 - Cannot read IP mode file for STMicroelectronics.X-CUBE-TOUCHGFX.4.24.1
2024-09-30 00:19:32,443 [WARN] PackLoader:240 - Cannot read IP mode file for wolfSSL.I-CUBE-wolfTPM.3.4.0
2024-09-30 00:19:32,446 [WARN] PackLoader:240 - Cannot read IP mode file for portGmbH.I-Cube-SoM-uGOAL.1.1.0
2024-09-30 00:19:32,456 [WARN] PackLoader:240 - Cannot read IP mode file for STMicroelectronics.X-CUBE-AZRTOS-H7RS.1.0.0
2024-09-30 00:19:32,461 [WARN] PackLoader:240 - Cannot read IP mode file for STMicroelectronics.FP-ATR-ASTRA1.2.0.0
2024-09-30 00:19:32,466 [WARN] PackLoader:240 - Cannot read IP mode file for STMicroelectronics.X-CUBE-TOF1.3.4.2
2024-09-30 00:19:32,483 [WARN] PackLoader:240 - Cannot read IP mode file for Infineon.AIROC-Wi-Fi-Bluetooth-STM32.1.6.1
2024-09-30 00:19:32,488 [WARN] PackLoader:240 - Cannot read IP mode file for wolfSSL.I-CUBE-wolfSSH.1.4.17
2024-09-30 00:19:32,489 [INFO] ThirdParty:978 - Integrity check success = true
2024-09-30 00:19:32,489 [INFO] IntegrityCheckThread:100 - exiting critical section [integrity check]
2024-09-30 00:19:32,489 [INFO] IntegrityCheckThread:103 - End integrity checks thread
2024-09-30 00:19:32,831 [INFO] WebApp:448 - Apply proxy settings
2024-09-30 00:19:32,832 [INFO] WebApp:533 - Chromium requires no authentication
2024-09-30 00:19:32,837 [INFO] WebApp:476 - Direct internet connection detected
2024-09-30 00:19:32,851 [INFO] WebApp:869 - Register for checkConnection events
2024-09-30 00:19:32,851 [INFO] WebApp:448 - Apply proxy settings
2024-09-30 00:19:32,851 [INFO] WebApp:533 - Chromium requires no authentication
2024-09-30 00:19:32,851 [INFO] WebApp:476 - Direct internet connection detected
2024-09-30 00:19:32,960 [INFO] WebApp:220 - Starting web application
2024-09-30 00:19:32,961 [INFO] WebApp:578 - Web application path used C:\ST\STM32CubeIDE_1.16.1\STM32CubeIDE\plugins\com.st.stm32cube.common.mx_6.12.1.202409122256\db\plugins\mcufinder\reactClient1\index.html
2024-09-30 00:19:33,023 [INFO] UserAuth:417 - Internet connection configuration mode: 1
2024-09-30 00:19:33,157 [INFO] WebApp:186 - Connection restablished
2024-09-30 00:20:46,602 [ERROR] LogOutputStream:75 - [STDERR_REDIRECT] 
2024-09-30 00:20:46,603 [ERROR] LogOutputStream:75 - [STDERR_REDIRECT] 
2024-09-30 00:21:22,029 [INFO] Activator:176 - 


2024-09-30 00:21:22,030 [INFO] Activator:177 - !SESSION log4j initialized
2024-09-30 00:21:23,863 [INFO] LogOutputStream:77 - [STDOUT_REDIRECT] 
2024-09-30 00:21:33,860 [INFO] ApplicationProperties:184 - Using Application install path: C:\ST\STM32CubeIDE_1.16.1\STM32CubeIDE\plugins\com.st.stm32cube.common.mx_6.12.1.202409122256
2024-09-30 00:21:33,872 [INFO] DbMcusXml:78 - Set database path to: C:\ST\STM32CubeIDE_1.16.1\STM32CubeIDE\plugins\com.st.stm32cube.common.mx_6.12.1.202409122256\\db\/mcu/
2024-09-30 00:21:33,872 [INFO] ApiDb:274 - Set plugin database path to: C:\ST\STM32CubeIDE_1.16.1\STM32CubeIDE\plugins\com.st.stm32cube.common.mx_6.12.1.202409122256\\db\/plugins/boardmanager/
2024-09-30 00:21:33,873 [WARN] ApiDb:259 - Overriding images path with different value:  => C:\ST\STM32CubeIDE_1.16.1\STM32CubeIDE\plugins\com.st.stm32cube.common.mx_6.12.1.202409122256\\db\/plugins/mcufinder/images/
2024-09-30 00:21:33,876 [INFO] ApiDb:250 - Set database path to: C:\Users\Anh Dung\.stmcufinder\plugins\mcufinder//mcu/
2024-09-30 00:21:33,877 [INFO] DbMcusAds:125 - Set database path to: C:\Users\Anh Dung\.stmcufinder\plugins\mcufinder//mcu/
2024-09-30 00:21:33,878 [INFO] CrossReferenceDbSqlite:203 - Set database path to: C:\Users\Anh Dung\.stmcufinder\plugins\mcufinder//mcu/cs/
2024-09-30 00:21:33,957 [INFO] RulesReader:64 - Compatibility file has been processed (297 Rules)
2024-09-30 00:21:34,015 [INFO] DbMcusXml:78 - Set database path to: C:\ST\STM32CubeIDE_1.16.1\STM32CubeIDE\plugins\com.st.stm32cube.common.mx_6.12.1.202409122256\\db\/mcu/
2024-09-30 00:21:34,016 [INFO] ApiDb:274 - Set plugin database path to: C:\ST\STM32CubeIDE_1.16.1\STM32CubeIDE\plugins\com.st.stm32cube.common.mx_6.12.1.202409122256\\db\/plugins/boardmanager/
2024-09-30 00:21:34,016 [INFO] ApiDb:261 - Set plugin images path to: C:\ST\STM32CubeIDE_1.16.1\STM32CubeIDE\plugins\com.st.stm32cube.common.mx_6.12.1.202409122256\\db\/plugins/mcufinder/images/
2024-09-30 00:21:34,016 [WARN] DbFile:41 - Overriding database path with different value: C:\Users\Anh Dung\.stmcufinder\plugins\mcufinder/ => C:\Users\Anh Dung\.stmcufinder\plugins\mcufinder
2024-09-30 00:21:34,016 [INFO] ApiDb:250 - Set database path to: C:\Users\Anh Dung\.stmcufinder\plugins\mcufinder//mcu/
2024-09-30 00:21:34,016 [WARN] DbFile:41 - Overriding database path with different value: C:\Users\Anh Dung\.stmcufinder\plugins\mcufinder/ => C:\Users\Anh Dung\.stmcufinder\plugins\mcufinder
2024-09-30 00:21:34,016 [INFO] DbMcusAds:125 - Set database path to: C:\Users\Anh Dung\.stmcufinder\plugins\mcufinder//mcu/
2024-09-30 00:21:34,016 [WARN] DbFile:41 - Overriding database path with different value: C:\Users\Anh Dung\.stmcufinder\plugins\mcufinder/ => C:\Users\Anh Dung\.stmcufinder\plugins\mcufinder
2024-09-30 00:21:34,016 [WARN] DbFile:41 - Overriding database path with different value: C:\Users\Anh Dung\.stmcufinder\plugins\mcufinder/ => C:\Users\Anh Dung\.stmcufinder\plugins\mcufinder
2024-09-30 00:21:34,017 [INFO] CrossReferenceDbSqlite:203 - Set database path to: C:\Users\Anh Dung\.stmcufinder\plugins\mcufinder//mcu/cs/
2024-09-30 00:21:34,069 [INFO] MainPanel:268 - HeapMemory: 268435456
2024-09-30 00:21:34,120 [INFO] DbMcusXml:78 - Set database path to: C:\ST\STM32CubeIDE_1.16.1\STM32CubeIDE\plugins\com.st.stm32cube.common.mx_6.12.1.202409122256\\db\/mcu/
2024-09-30 00:21:34,120 [INFO] ApiDb:274 - Set plugin database path to: C:\ST\STM32CubeIDE_1.16.1\STM32CubeIDE\plugins\com.st.stm32cube.common.mx_6.12.1.202409122256\\db\/plugins/boardmanager/
2024-09-30 00:21:34,120 [INFO] ApiDb:261 - Set plugin images path to: C:\ST\STM32CubeIDE_1.16.1\STM32CubeIDE\plugins\com.st.stm32cube.common.mx_6.12.1.202409122256\\db\/plugins/mcufinder/images/
2024-09-30 00:21:34,120 [WARN] DbFile:41 - Overriding database path with different value: C:\Users\Anh Dung\.stmcufinder\plugins\mcufinder/ => C:\Users\Anh Dung\.stmcufinder\plugins\mcufinder
2024-09-30 00:21:34,120 [INFO] ApiDb:250 - Set database path to: C:\Users\Anh Dung\.stmcufinder\plugins\mcufinder//mcu/
2024-09-30 00:21:34,120 [WARN] DbFile:41 - Overriding database path with different value: C:\Users\Anh Dung\.stmcufinder\plugins\mcufinder/ => C:\Users\Anh Dung\.stmcufinder\plugins\mcufinder
2024-09-30 00:21:34,120 [INFO] DbMcusAds:125 - Set database path to: C:\Users\Anh Dung\.stmcufinder\plugins\mcufinder//mcu/
2024-09-30 00:21:34,120 [WARN] DbFile:41 - Overriding database path with different value: C:\Users\Anh Dung\.stmcufinder\plugins\mcufinder/ => C:\Users\Anh Dung\.stmcufinder\plugins\mcufinder
2024-09-30 00:21:34,120 [WARN] DbFile:41 - Overriding database path with different value: C:\Users\Anh Dung\.stmcufinder\plugins\mcufinder/ => C:\Users\Anh Dung\.stmcufinder\plugins\mcufinder
2024-09-30 00:21:34,176 [INFO] CrossReferenceDbSqlite:203 - Set database path to: C:\Users\Anh Dung\.stmcufinder\plugins\mcufinder//mcu/cs/
2024-09-30 00:21:34,188 [INFO] ApplicationProperties:184 - Using Application install path: C:\ST\STM32CubeIDE_1.16.1\STM32CubeIDE\plugins\com.st.stm32cube.common.mx_6.12.1.202409122256
2024-09-30 00:21:34,189 [INFO] PluginManage:196 - Search for loadable plugins [exclusion list=, ]
2024-09-30 00:21:34,190 [INFO] PluginManage:310 - Check plugin analytics
2024-09-30 00:21:34,295 [INFO] AnalyticsPlugin:253 - Accepted Software Licenses: STM32CubeMX.6.12.1
2024-09-30 00:21:34,296 [INFO] AnalyticsPlugin:255 - Accepted CMSIS Pack Licenses: 
2024-09-30 00:21:34,296 [INFO] AnalyticsPlugin:257 - Accepted Firmware Licenses: FW.F4.1.28.0,FW.F4.1.27.0
2024-09-30 00:21:34,298 [INFO] PluginManage:359 - Loaded plugin analytics (category:tool,tabindex:-1)
2024-09-30 00:21:34,298 [INFO] PluginManage:310 - Check plugin cadmodel
2024-09-30 00:21:34,301 [INFO] CADModel:105 - Init CAD model plugin
2024-09-30 00:21:34,301 [INFO] PluginManage:359 - Loaded plugin cadmodel (category:power,tabindex:5)
2024-09-30 00:21:34,302 [INFO] PluginManage:310 - Check plugin clock
2024-09-30 00:21:34,307 [INFO] PluginManage:359 - Loaded plugin clock (category:base,tabindex:2)
2024-09-30 00:21:34,307 [INFO] PluginManage:310 - Check plugin ddr
2024-09-30 00:21:34,308 [INFO] PluginManage:359 - Loaded plugin ddr (category:tool,tabindex:6)
2024-09-30 00:21:34,308 [INFO] PluginManage:310 - Check plugin filemanager
2024-09-30 00:21:34,403 [INFO] PluginManage:359 - Loaded plugin filemanager (category:base,tabindex:10)
2024-09-30 00:21:34,403 [INFO] PluginManage:310 - Check plugin ipmanager
2024-09-30 00:21:34,408 [INFO] PluginManage:359 - Loaded plugin ipmanager (category:base,tabindex:5)
2024-09-30 00:21:34,408 [INFO] PluginManage:310 - Check plugin lpbam
2024-09-30 00:21:34,414 [INFO] PluginManage:359 - Loaded plugin lpbam (category:base,tabindex:0)
2024-09-30 00:21:34,414 [INFO] PluginManage:310 - Check plugin memorymap
2024-09-30 00:21:34,422 [INFO] PluginManage:359 - Loaded plugin memorymap (category:base,tabindex:4)
2024-09-30 00:21:34,422 [INFO] PluginManage:310 - Check plugin pinoutandconfiguration
2024-09-30 00:21:34,427 [INFO] PluginManage:359 - Loaded plugin pinoutandconfiguration (category:base,tabindex:1)
2024-09-30 00:21:34,427 [INFO] PluginManage:310 - Check plugin pinoutconfig
2024-09-30 00:21:34,485 [WARN] SupportedApi:132 - Cannot load RTOS API schema: s4s-elt-must-match.1: The content of 'definitions' must match (annotation?, (simpleType | complexType)?, (unique | key | keyref)*)). A problem was found starting at: attribute.
2024-09-30 00:21:34,590 [INFO] PluginManage:359 - Loaded plugin pinoutconfig (category:base,tabindex:0)
2024-09-30 00:21:34,590 [INFO] PluginManage:310 - Check plugin power
2024-09-30 00:21:34,596 [INFO] PluginManage:359 - Loaded plugin power (category:power,tabindex:4)
2024-09-30 00:21:34,596 [INFO] PluginManage:310 - Check plugin projectmanager
2024-09-30 00:21:34,607 [INFO] PluginManage:359 - Loaded plugin projectmanager (category:projectmanager,tabindex:4)
2024-09-30 00:21:34,607 [INFO] PluginManage:310 - Check plugin rif
2024-09-30 00:21:34,611 [INFO] PluginManage:359 - Loaded plugin rif (category:base,tabindex:3)
2024-09-30 00:21:34,611 [INFO] PluginManage:310 - Check plugin thirdparty
2024-09-30 00:21:34,697 [INFO] PluginManage:359 - Loaded plugin thirdparty (category:base,tabindex:-1)
2024-09-30 00:21:34,697 [WARN] IntegrityCheckThread:84 - waiting for thirdparty lock release [integrity check]
2024-09-30 00:21:34,697 [INFO] IntegrityCheckThread:86 - entering critical section [integrity check]
2024-09-30 00:21:34,697 [INFO] PluginManage:310 - Check plugin tools
2024-09-30 00:21:34,698 [INFO] ThirdPartyUpdaterWithRetryManager:70 - Updater plugin not ready yet. [1/15]
2024-09-30 00:21:34,699 [INFO] PluginManage:359 - Loaded plugin tools (category:base,tabindex:7)
2024-09-30 00:21:34,699 [INFO] PluginManage:310 - Check plugin tutovideos
2024-09-30 00:21:34,815 [INFO] PluginManage:359 - Loaded plugin tutovideos (category:base,tabindex:-1)
2024-09-30 00:21:34,816 [INFO] PluginManage:310 - Check plugin updater
2024-09-30 00:21:34,826 [INFO] PluginManage:359 - Loaded plugin updater (category:base,tabindex:12)
2024-09-30 00:21:34,826 [INFO] PluginManage:310 - Check plugin userauth
2024-09-30 00:21:34,830 [INFO] UserAuth:113 - Init User Auth plugin
2024-09-30 00:21:34,830 [INFO] PluginManage:359 - Loaded plugin userauth (category:base,tabindex:14)
2024-09-30 00:21:34,830 [INFO] PluginManage:283 - PluginManage : Loaded plugins [18]
2024-09-30 00:21:34,973 [INFO] PinOutPanel:1561 - setPackage(No Configuration,No Configuration)
2024-09-30 00:21:35,034 [INFO] CADModel:165 - CPN selected for project level
2024-09-30 00:21:35,034 [INFO] CADModel:114 - Register for checkConnection events
2024-09-30 00:21:35,046 [INFO] IPUIPlugin:80 - create IPUIPlugin
2024-09-30 00:21:35,047 [INFO] PluginManager:220 - loadIPPluginJar : add adc
2024-09-30 00:21:35,048 [INFO] IPUIPlugin:80 - create IPUIPlugin
2024-09-30 00:21:35,048 [INFO] PluginManager:220 - loadIPPluginJar : add aes
2024-09-30 00:21:35,050 [INFO] IPUIPlugin:80 - create IPUIPlugin
2024-09-30 00:21:35,050 [INFO] PluginManager:220 - loadIPPluginJar : add can
2024-09-30 00:21:35,051 [INFO] IPUIPlugin:80 - create IPUIPlugin
2024-09-30 00:21:35,051 [INFO] PluginManager:220 - loadIPPluginJar : add comp
2024-09-30 00:21:35,053 [INFO] IPUIPlugin:80 - create IPUIPlugin
2024-09-30 00:21:35,053 [INFO] PluginManager:220 - loadIPPluginJar : add cryp
2024-09-30 00:21:35,055 [INFO] IPUIPlugin:80 - create IPUIPlugin
2024-09-30 00:21:35,055 [INFO] PluginManager:220 - loadIPPluginJar : add ddr_ctrl_phy
2024-09-30 00:21:35,056 [INFO] IPUIPlugin:80 - create IPUIPlugin
2024-09-30 00:21:35,057 [INFO] PluginManager:220 - loadIPPluginJar : add dfsdm
2024-09-30 00:21:35,062 [INFO] IPUIPlugin:80 - create IPUIPlugin
2024-09-30 00:21:35,062 [INFO] PluginManager:220 - loadIPPluginJar : add dma
2024-09-30 00:21:35,066 [INFO] IPUIPlugin:80 - create IPUIPlugin
2024-09-30 00:21:35,066 [INFO] PluginManager:220 - loadIPPluginJar : add dma3
2024-09-30 00:21:35,069 [INFO] IPUIPlugin:80 - create IPUIPlugin
2024-09-30 00:21:35,069 [INFO] PluginManager:220 - loadIPPluginJar : add extmemmanager
2024-09-30 00:21:35,070 [INFO] IPUIPlugin:80 - create IPUIPlugin
2024-09-30 00:21:35,070 [INFO] PluginManager:220 - loadIPPluginJar : add fatfs
2024-09-30 00:21:35,075 [INFO] IPUIPlugin:80 - create IPUIPlugin
2024-09-30 00:21:35,075 [INFO] PluginManager:220 - loadIPPluginJar : add fmc
2024-09-30 00:21:35,081 [INFO] IPUIPlugin:80 - create IPUIPlugin
2024-09-30 00:21:35,082 [INFO] PluginManager:220 - loadIPPluginJar : add freertos
2024-09-30 00:21:35,083 [INFO] IPUIPlugin:80 - create IPUIPlugin
2024-09-30 00:21:35,083 [INFO] PluginManager:220 - loadIPPluginJar : add genericplugin
2024-09-30 00:21:35,085 [INFO] IPUIPlugin:80 - create IPUIPlugin
2024-09-30 00:21:35,085 [INFO] PluginManager:220 - loadIPPluginJar : add gfxmmu
2024-09-30 00:21:35,091 [INFO] IPUIPlugin:80 - create IPUIPlugin
2024-09-30 00:21:35,091 [INFO] PluginManager:220 - loadIPPluginJar : add gic
2024-09-30 00:21:35,096 [INFO] IPUIPlugin:80 - create IPUIPlugin
2024-09-30 00:21:35,096 [INFO] PluginManager:220 - loadIPPluginJar : add gpio
2024-09-30 00:21:35,098 [INFO] IPUIPlugin:80 - create IPUIPlugin
2024-09-30 00:21:35,098 [INFO] PluginManager:220 - loadIPPluginJar : add gtzc
2024-09-30 00:21:35,101 [INFO] IPUIPlugin:80 - create IPUIPlugin
2024-09-30 00:21:35,101 [INFO] PluginManager:220 - loadIPPluginJar : add hash
2024-09-30 00:21:35,103 [INFO] IPUIPlugin:80 - create IPUIPlugin
2024-09-30 00:21:35,103 [INFO] PluginManager:220 - loadIPPluginJar : add i2c
2024-09-30 00:21:35,107 [INFO] IPUIPlugin:80 - create IPUIPlugin
2024-09-30 00:21:35,107 [INFO] PluginManager:220 - loadIPPluginJar : add i2s
2024-09-30 00:21:35,110 [INFO] IPUIPlugin:80 - create IPUIPlugin
2024-09-30 00:21:35,110 [INFO] PluginManager:220 - loadIPPluginJar : add i3c
2024-09-30 00:21:35,113 [INFO] IPUIPlugin:80 - create IPUIPlugin
2024-09-30 00:21:35,114 [INFO] PluginManager:220 - loadIPPluginJar : add ipddr
2024-09-30 00:21:35,121 [INFO] IPUIPlugin:80 - create IPUIPlugin
2024-09-30 00:21:35,121 [INFO] PluginManager:220 - loadIPPluginJar : add linkedlist
2024-09-30 00:21:35,124 [INFO] IPUIPlugin:80 - create IPUIPlugin
2024-09-30 00:21:35,124 [INFO] PluginManager:220 - loadIPPluginJar : add lorawan
2024-09-30 00:21:35,125 [INFO] IPUIPlugin:80 - create IPUIPlugin
2024-09-30 00:21:35,125 [INFO] PluginManager:220 - loadIPPluginJar : add ltdc
2024-09-30 00:21:35,130 [INFO] IPUIPlugin:80 - create IPUIPlugin
2024-09-30 00:21:35,131 [INFO] PluginManager:220 - loadIPPluginJar : add mdma
2024-09-30 00:21:35,133 [INFO] IPUIPlugin:80 - create IPUIPlugin
2024-09-30 00:21:35,133 [INFO] PluginManager:220 - loadIPPluginJar : add nvic
2024-09-30 00:21:35,136 [INFO] IPUIPlugin:80 - create IPUIPlugin
2024-09-30 00:21:35,136 [INFO] PluginManager:220 - loadIPPluginJar : add opamp
2024-09-30 00:21:35,138 [INFO] IPUIPlugin:80 - create IPUIPlugin
2024-09-30 00:21:35,138 [INFO] PluginManager:220 - loadIPPluginJar : add openamp
2024-09-30 00:21:35,140 [INFO] IPUIPlugin:80 - create IPUIPlugin
2024-09-30 00:21:35,140 [INFO] PluginManager:220 - loadIPPluginJar : add pdm2pcm
2024-09-30 00:21:35,145 [INFO] IPUIPlugin:80 - create IPUIPlugin
2024-09-30 00:21:35,147 [INFO] PluginManager:220 - loadIPPluginJar : add plateformsettings
2024-09-30 00:21:35,149 [INFO] IPUIPlugin:80 - create IPUIPlugin
2024-09-30 00:21:35,149 [INFO] PluginManager:220 - loadIPPluginJar : add quadspi
2024-09-30 00:21:35,151 [INFO] IPUIPlugin:80 - create IPUIPlugin
2024-09-30 00:21:35,152 [INFO] PluginManager:220 - loadIPPluginJar : add radio
2024-09-30 00:21:35,154 [INFO] IPUIPlugin:80 - create IPUIPlugin
2024-09-30 00:21:35,154 [INFO] PluginManager:220 - loadIPPluginJar : add resmgrutility
2024-09-30 00:21:35,157 [INFO] IPUIPlugin:80 - create IPUIPlugin
2024-09-30 00:21:35,157 [INFO] PluginManager:220 - loadIPPluginJar : add sai
2024-09-30 00:21:35,159 [INFO] IPUIPlugin:80 - create IPUIPlugin
2024-09-30 00:21:35,159 [INFO] PluginManager:220 - loadIPPluginJar : add spi
2024-09-30 00:21:35,163 [INFO] IPUIPlugin:80 - create IPUIPlugin
2024-09-30 00:21:35,163 [INFO] PluginManager:220 - loadIPPluginJar : add stm32_wpan
2024-09-30 00:21:35,165 [INFO] IPUIPlugin:80 - create IPUIPlugin
2024-09-30 00:21:35,165 [INFO] PluginManager:220 - loadIPPluginJar : add tim
2024-09-30 00:21:35,167 [INFO] IPUIPlugin:80 - create IPUIPlugin
2024-09-30 00:21:35,167 [INFO] PluginManager:220 - loadIPPluginJar : add touchsensing
2024-09-30 00:21:35,169 [INFO] IPUIPlugin:80 - create IPUIPlugin
2024-09-30 00:21:35,169 [INFO] PluginManager:220 - loadIPPluginJar : add tracer_emb
2024-09-30 00:21:35,171 [INFO] IPUIPlugin:80 - create IPUIPlugin
2024-09-30 00:21:35,171 [INFO] PluginManager:220 - loadIPPluginJar : add ts
2024-09-30 00:21:35,172 [INFO] IPUIPlugin:80 - create IPUIPlugin
2024-09-30 00:21:35,172 [INFO] PluginManager:220 - loadIPPluginJar : add tsc
2024-09-30 00:21:35,174 [INFO] IPUIPlugin:80 - create IPUIPlugin
2024-09-30 00:21:35,174 [INFO] PluginManager:220 - loadIPPluginJar : add ucpd
2024-09-30 00:21:35,175 [INFO] IPUIPlugin:80 - create IPUIPlugin
2024-09-30 00:21:35,175 [INFO] PluginManager:220 - loadIPPluginJar : add usart
2024-09-30 00:21:35,178 [INFO] IPUIPlugin:80 - create IPUIPlugin
2024-09-30 00:21:35,178 [INFO] PluginManager:220 - loadIPPluginJar : add usbx
2024-09-30 00:21:35,286 [INFO] CADModel:165 - CPN selected for project level
2024-09-30 00:21:35,286 [INFO] CADModel:114 - Register for checkConnection events
2024-09-30 00:21:35,286 [FATAL] Updater:334 - Updater called before beeing initialized
2024-09-30 00:21:35,286 [ERROR] CADModel:125 - Updater not yet initialized, retry later 
2024-09-30 00:21:35,371 [INFO] CADModel:165 - CPN selected for project level
2024-09-30 00:21:35,372 [INFO] CADModel:114 - Register for checkConnection events
2024-09-30 00:21:35,372 [FATAL] Updater:334 - Updater called before beeing initialized
2024-09-30 00:21:35,372 [ERROR] CADModel:125 - Updater not yet initialized, retry later 
2024-09-30 00:21:35,374 [FATAL] Updater:334 - Updater called before beeing initialized
2024-09-30 00:21:35,452 [FATAL] Updater:334 - Updater called before beeing initialized
2024-09-30 00:21:35,455 [INFO] DbMcusAds:53 - JSON generation date=Fri Sep 20 20:04:23 ICT 2024 (1726837463113)
2024-09-30 00:21:35,456 [FATAL] Updater:334 - Updater called before beeing initialized
2024-09-30 00:21:35,478 [WARN] DetailPanel:346 - Failed to get advertising image, set to default
2024-09-30 00:21:35,540 [FATAL] Updater:334 - Updater called before beeing initialized
2024-09-30 00:21:35,541 [FATAL] Updater:334 - Updater called before beeing initialized
2024-09-30 00:21:35,541 [FATAL] Updater:334 - Updater called before beeing initialized
2024-09-30 00:21:35,541 [WARN] DetailPanel:346 - Failed to get advertising image, set to default
2024-09-30 00:21:35,542 [FATAL] Updater:334 - Updater called before beeing initialized
2024-09-30 00:21:35,574 [ERROR] Updater:1164 - MainUpdater not yet initialized. External WinMGr cannot be set.
2024-09-30 00:21:35,575 [INFO] Updater:1100 - Updater Version found : 6.12.1
2024-09-30 00:21:35,589 [INFO] ApplicationProperties:184 - Using Application install path: C:\ST\STM32CubeIDE_1.16.1\STM32CubeIDE\plugins\com.st.stm32cube.common.mx_6.12.1.202409122256
2024-09-30 00:21:37,158 [ERROR] LogOutputStream:75 - [STDERR_REDIRECT] Sep 30, 2024 12:21:37 AM java.util.prefs.WindowsPreferences <init>
2024-09-30 00:21:37,160 [ERROR] LogOutputStream:75 - [STDERR_REDIRECT] WARNING: Could not open/create prefs root node Software\JavaSoft\Prefs at root 0xffffffff80000002. Windows RegCreateKeyEx(...) returned error code 5.
2024-09-30 00:21:37,160 [ERROR] LogOutputStream:75 - [STDERR_REDIRECT] 
2024-09-30 00:21:37,453 [INFO] MainUpdater:2873 - connection check result : 10
2024-09-30 00:21:37,454 [INFO] MainUpdater:290 - Updater Check For Update Now.
2024-09-30 00:21:37,454 [INFO] MicroXplorer:498 - Change Database Version : DB.6.0.121
2024-09-30 00:21:37,461 [INFO] McuFinderGlobals:63 - Set McuFinder mode to 2 (CubeIDE integrated)
2024-09-30 00:21:37,461 [INFO] UserAuth:417 - Internet connection configuration mode: 1
2024-09-30 00:21:37,475 [INFO] JxBrowserEngine:152 - Initiate JxBrowser Engine with user profile folder
2024-09-30 00:21:37,627 [INFO] CheckServerUpdateThread:120 - End of CheckServer Thread
2024-09-30 00:21:37,826 [WARN] PackLoader:240 - Cannot read IP mode file for STMicroelectronics.FP-SNS-MOTENVWB1.1.4.0
2024-09-30 00:21:37,837 [WARN] PackLoader:240 - Cannot read IP mode file for STMicroelectronics.X-CUBE-SMBUS.2.1.0
2024-09-30 00:21:37,864 [WARN] PackLoader:240 - Cannot read IP mode file for STMicroelectronics.X-CUBE-AZRTOS-F7.1.1.0
2024-09-30 00:21:37,925 [WARN] PackLoader:240 - Cannot read IP mode file for STMicroelectronics.X-CUBE-MEMS1.11.0.0
2024-09-30 00:21:38,066 [WARN] PackLoader:240 - Cannot read IP mode file for STMicroelectronics.FP-SNS-FLIGHT1.5.0.2
2024-09-30 00:21:38,071 [WARN] PackLoader:240 - Cannot read IP mode file for STMicroelectronics.X-CUBE-DISPLAY.3.0.0
2024-09-30 00:21:38,078 [WARN] PackLoader:240 - Cannot read IP mode file for STMicroelectronics.X-CUBE-BLE1.7.0.0
2024-09-30 00:21:38,084 [WARN] PackLoader:240 - Cannot read IP mode file for STMicroelectronics.X-CUBE-NFC10.1.0.0
2024-09-30 00:21:38,091 [WARN] PackLoader:240 - Cannot read IP mode file for emotas.I-CUBE-CANOPEN.1.3.0
2024-09-30 00:21:38,100 [WARN] PackLoader:240 - Cannot read IP mode file for STMicroelectronics.X-CUBE-BLEMGR.3.1.0
2024-09-30 00:21:38,107 [WARN] PackLoader:240 - Cannot read IP mode file for STMicroelectronics.FP-SNS-SMARTAG2.1.2.0
2024-09-30 00:21:38,115 [INFO] LogOutputStream:77 - [STDOUT_REDIRECT] 1 : Invalid condition id : UX_CORESTACK_Condition cause : null
2024-09-30 00:21:38,115 [INFO] LogOutputStream:77 - [STDOUT_REDIRECT] 1 : Invalid condition id : UX_CORESTACK_Condition cause : null
2024-09-30 00:21:38,116 [INFO] LogOutputStream:77 - [STDOUT_REDIRECT] 1 : Invalid condition id : UX_CORESTACK_Condition cause : null
2024-09-30 00:21:38,117 [INFO] LogOutputStream:77 - [STDOUT_REDIRECT] 1 : Invalid condition id : UX_CORESTACK_Condition cause : null
2024-09-30 00:21:38,118 [INFO] LogOutputStream:77 - [STDOUT_REDIRECT] 1 : Invalid condition id : UX_CORESTACK_Condition cause : null
2024-09-30 00:21:38,131 [WARN] PackLoader:240 - Cannot read IP mode file for STMicroelectronics.X-CUBE-AZRTOS-WL.2.0.0
2024-09-30 00:21:38,136 [WARN] PackLoader:240 - Cannot read IP mode file for STMicroelectronics.FP-SNS-MOTENV1.5.0.0
2024-09-30 00:21:38,140 [WARN] PackLoader:240 - Cannot read IP mode file for wolfSSL.I-CUBE-wolfMQTT.1.19.0
2024-09-30 00:21:38,145 [WARN] PackLoader:240 - Cannot read IP mode file for WES.I-CUBE-Cesium.1.3.0
2024-09-30 00:21:38,148 [WARN] PackLoader:240 - Cannot read IP mode file for STMicroelectronics.X-CUBE-BLE2.3.3.0
2024-09-30 00:21:38,150 [INFO] WebApp:167 - Instantiating new browser for Auth
2024-09-30 00:21:38,153 [WARN] PackLoader:240 - Cannot read IP mode file for STMicroelectronics.X-CUBE-NFC9.1.0.0
2024-09-30 00:21:38,162 [WARN] PackLoader:240 - Cannot read IP mode file for STMicroelectronics.X-CUBE-TCPP.4.1.0
2024-09-30 00:21:38,176 [WARN] PackLoader:240 - Cannot read IP mode file for STMicroelectronics.X-CUBE-AZRTOS-G0.1.1.0
2024-09-30 00:21:38,184 [WARN] PackLoader:240 - Cannot read IP mode file for STMicroelectronics.X-CUBE-SAFEA1.1.2.2
2024-09-30 00:21:38,189 [WARN] PackLoader:240 - Cannot read IP mode file for STMicroelectronics.X-CUBE-NFC4.3.0.0
2024-09-30 00:21:38,199 [WARN] PackLoader:240 - Cannot read IP mode file for EmbeddedOffice.I-CUBE-FS-RTOS.1.0.1
2024-09-30 00:21:38,199 [ERROR] ConditionMgr:805 - Attr not supported : Dmpu
2024-09-30 00:21:38,199 [ERROR] ConditionMgr:805 - Attr not supported : Dmpu
2024-09-30 00:21:38,199 [ERROR] ConditionMgr:805 - Attr not supported : Dmpu
2024-09-30 00:21:38,199 [ERROR] ConditionMgr:805 - Attr not supported : Dmpu
2024-09-30 00:21:38,199 [ERROR] ConditionMgr:805 - Attr not supported : Dmpu
2024-09-30 00:21:38,199 [ERROR] ConditionMgr:805 - Attr not supported : Dmpu
2024-09-30 00:21:38,199 [ERROR] ConditionMgr:805 - Attr not supported : Dmpu
2024-09-30 00:21:38,199 [ERROR] ConditionMgr:805 - Attr not supported : Dmpu
2024-09-30 00:21:38,199 [ERROR] ConditionMgr:805 - Attr not supported : Dmpu
2024-09-30 00:21:38,199 [ERROR] ConditionMgr:805 - Attr not supported : Dmpu
2024-09-30 00:21:38,200 [ERROR] ConditionMgr:805 - Attr not supported : Dmpu
2024-09-30 00:21:38,200 [ERROR] ConditionMgr:805 - Attr not supported : Dmpu
2024-09-30 00:21:38,200 [ERROR] ConditionMgr:805 - Attr not supported : Dmpu
2024-09-30 00:21:38,200 [ERROR] ConditionMgr:805 - Attr not supported : Dmpu
2024-09-30 00:21:38,200 [ERROR] ConditionMgr:805 - Attr not supported : Dmpu
2024-09-30 00:21:38,200 [ERROR] ConditionMgr:805 - Attr not supported : Dmpu
2024-09-30 00:21:38,200 [ERROR] ConditionMgr:805 - Attr not supported : Dmpu
2024-09-30 00:21:38,200 [ERROR] ConditionMgr:805 - Attr not supported : Dmpu
2024-09-30 00:21:38,200 [ERROR] ConditionMgr:805 - Attr not supported : Dmpu
2024-09-30 00:21:38,200 [ERROR] ConditionMgr:805 - Attr not supported : Dmpu
2024-09-30 00:21:38,200 [ERROR] ConditionMgr:805 - Attr not supported : Dmpu
2024-09-30 00:21:38,200 [ERROR] ConditionMgr:805 - Attr not supported : Dmpu
2024-09-30 00:21:38,200 [ERROR] ConditionMgr:805 - Attr not supported : Dmpu
2024-09-30 00:21:38,200 [ERROR] ConditionMgr:805 - Attr not supported : Dmpu
2024-09-30 00:21:38,200 [ERROR] ConditionMgr:805 - Attr not supported : Dmpu
2024-09-30 00:21:38,200 [ERROR] ConditionMgr:805 - Attr not supported : Dmpu
2024-09-30 00:21:38,200 [ERROR] ConditionMgr:805 - Attr not supported : Dmpu
2024-09-30 00:21:38,201 [ERROR] ConditionMgr:805 - Attr not supported : Dmpu
2024-09-30 00:21:38,201 [ERROR] ConditionMgr:805 - Attr not supported : Dmpu
2024-09-30 00:21:38,201 [ERROR] ConditionMgr:805 - Attr not supported : Dmpu
2024-09-30 00:21:38,201 [ERROR] ConditionMgr:805 - Attr not supported : Dmpu
2024-09-30 00:21:38,201 [ERROR] ConditionMgr:805 - Attr not supported : Dmpu
2024-09-30 00:21:38,201 [ERROR] ConditionMgr:805 - Attr not supported : Dmpu
2024-09-30 00:21:38,201 [ERROR] ConditionMgr:805 - Attr not supported : Dmpu
2024-09-30 00:21:38,201 [ERROR] ConditionMgr:805 - Attr not supported : Dmpu
2024-09-30 00:21:38,201 [ERROR] ConditionMgr:805 - Attr not supported : Dmpu
2024-09-30 00:21:38,201 [ERROR] ConditionMgr:805 - Attr not supported : Dmpu
2024-09-30 00:21:38,201 [ERROR] ConditionMgr:805 - Attr not supported : Dmpu
2024-09-30 00:21:38,201 [ERROR] ConditionMgr:805 - Attr not supported : Dmpu
2024-09-30 00:21:38,201 [ERROR] ConditionMgr:805 - Attr not supported : Dmpu
2024-09-30 00:21:38,202 [ERROR] ConditionMgr:805 - Attr not supported : Dmpu
2024-09-30 00:21:38,202 [ERROR] ConditionMgr:805 - Attr not supported : Dmpu
2024-09-30 00:21:38,202 [ERROR] ConditionMgr:805 - Attr not supported : Dmpu
2024-09-30 00:21:38,202 [ERROR] ConditionMgr:805 - Attr not supported : Dmpu
2024-09-30 00:21:38,202 [ERROR] ConditionMgr:805 - Attr not supported : Dmpu
2024-09-30 00:21:38,202 [ERROR] ConditionMgr:805 - Attr not supported : Dmpu
2024-09-30 00:21:38,202 [ERROR] ConditionMgr:805 - Attr not supported : Dmpu
2024-09-30 00:21:38,202 [ERROR] ConditionMgr:805 - Attr not supported : Dmpu
2024-09-30 00:21:38,202 [ERROR] ConditionMgr:805 - Attr not supported : Dmpu
2024-09-30 00:21:38,202 [ERROR] ConditionMgr:805 - Attr not supported : Dmpu
2024-09-30 00:21:38,202 [ERROR] ConditionMgr:805 - Attr not supported : Dmpu
2024-09-30 00:21:38,202 [ERROR] ConditionMgr:805 - Attr not supported : Dmpu
2024-09-30 00:21:38,202 [ERROR] ConditionMgr:805 - Attr not supported : Dmpu
2024-09-30 00:21:38,202 [ERROR] ConditionMgr:805 - Attr not supported : Dmpu
2024-09-30 00:21:38,202 [ERROR] ConditionMgr:805 - Attr not supported : Dmpu
2024-09-30 00:21:38,203 [ERROR] ConditionMgr:805 - Attr not supported : Dmpu
2024-09-30 00:21:38,203 [ERROR] ConditionMgr:805 - Attr not supported : Dmpu
2024-09-30 00:21:38,203 [ERROR] ConditionMgr:805 - Attr not supported : Dmpu
2024-09-30 00:21:38,203 [ERROR] ConditionMgr:805 - Attr not supported : Dmpu
2024-09-30 00:21:38,203 [ERROR] ConditionMgr:805 - Attr not supported : Dmpu
2024-09-30 00:21:38,203 [ERROR] ConditionMgr:805 - Attr not supported : Dmpu
2024-09-30 00:21:38,203 [ERROR] ConditionMgr:805 - Attr not supported : Dmpu
2024-09-30 00:21:38,203 [ERROR] ConditionMgr:805 - Attr not supported : Dmpu
2024-09-30 00:21:38,203 [ERROR] ConditionMgr:805 - Attr not supported : Dmpu
2024-09-30 00:21:38,210 [WARN] PackLoader:240 - Cannot read IP mode file for RealThread.X-CUBE-RT-Thread_Nano.4.1.1
2024-09-30 00:21:38,215 [WARN] PackLoader:240 - Cannot read IP mode file for STMicroelectronics.FP-ATR-SIGFOX1.3.2.0
2024-09-30 00:21:38,221 [WARN] PackLoader:240 - Cannot read IP mode file for wolfSSL.I-CUBE-wolfSSL.5.7.2
2024-09-30 00:21:38,229 [WARN] PackLoader:240 - Cannot read IP mode file for STMicroelectronics.X-CUBE-EEPRMA1.5.1.0
2024-09-30 00:21:38,237 [WARN] PackLoader:240 - Cannot read IP mode file for ITTIA_DB.I-CUBE-ITTIADB.8.9.0
2024-09-30 00:21:38,261 [WARN] PackLoader:240 - Cannot read IP mode file for SEGGER.I-CUBE-embOS.1.3.1
2024-09-30 00:21:38,299 [WARN] PackLoader:240 - Cannot read IP mode file for STMicroelectronics.X-CUBE-ALGOBUILD.1.4.0
2024-09-30 00:21:38,315 [WARN] PackLoader:240 - Cannot read IP mode file for STMicroelectronics.X-CUBE-AZRTOS-F4.1.1.0
2024-09-30 00:21:38,322 [WARN] PackLoader:240 - Cannot read IP mode file for STMicroelectronics.X-CUBE-ISPU.2.1.0
2024-09-30 00:21:38,328 [WARN] PackLoader:240 - Cannot read IP mode file for STMicroelectronics.X-CUBE-FREERTOS.1.2.0
2024-09-30 00:21:38,342 [WARN] PackLoader:240 - Cannot read IP mode file for STMicroelectronics.X-CUBE-AZRTOS-L5.2.0.0
2024-09-30 00:21:38,354 [WARN] PackLoader:240 - Cannot read IP mode file for STMicroelectronics.X-CUBE-NFC6.3.1.0
2024-09-30 00:21:38,361 [WARN] PackLoader:240 - Cannot read IP mode file for STMicroelectronics.X-CUBE-DPower.1.2.0
2024-09-30 00:21:38,368 [WARN] PackLoader:240 - Cannot read IP mode file for STMicroelectronics.X-CUBE-AI.9.0.0
2024-09-30 00:21:38,372 [WARN] PackLoader:240 - Cannot read IP mode file for STMicroelectronics.X-CUBE-NFC7.1.0.1
2024-09-30 00:21:38,386 [WARN] ConditionMgr:438 - getConditionDescription Invalid condition id : LAN8742 Phy interface Condition cause : null
2024-09-30 00:21:38,386 [WARN] PackLoader:240 - Cannot read IP mode file for STMicroelectronics.X-CUBE-AZRTOS-L4.2.0.0
2024-09-30 00:21:38,387 [WARN] ConditionMgr:1039 - genDependencies : Invalid condition id : LAN8742 Phy interface Condition cause : null
2024-09-30 00:21:38,387 [WARN] ConditionMgr:1039 - genDependencies : Invalid condition id : LAN8742 Phy interface Condition cause : null
2024-09-30 00:21:38,387 [WARN] ConditionMgr:1039 - genDependencies : Invalid condition id : LAN8742 Phy interface Condition cause : null
2024-09-30 00:21:38,394 [WARN] PackLoader:240 - Cannot read IP mode file for STMicroelectronics.X-CUBE-SFXS2LP1.4.0.0
2024-09-30 00:21:38,414 [WARN] PackLoader:240 - Cannot read IP mode file for STMicroelectronics.X-CUBE-AZRTOS-H7.3.3.0
2024-09-30 00:21:38,431 [WARN] ConditionMgr:438 - getConditionDescription Invalid condition id : UX DEVICE CLASS RTOS Condition cause : null
2024-09-30 00:21:38,431 [WARN] ConditionMgr:438 - getConditionDescription Invalid condition id : UX DEVICE CLASS RTOS Condition cause : null
2024-09-30 00:21:38,433 [WARN] PackLoader:240 - Cannot read IP mode file for STMicroelectronics.X-CUBE-AZRTOS-WB.2.0.0
2024-09-30 00:21:38,433 [WARN] ConditionMgr:1039 - genDependencies : Invalid condition id : UX DEVICE CLASS RTOS Condition cause : null
2024-09-30 00:21:38,433 [WARN] ConditionMgr:1039 - genDependencies : Invalid condition id : UX DEVICE CLASS RTOS Condition cause : null
2024-09-30 00:21:38,435 [WARN] ConditionMgr:1039 - genDependencies : Invalid condition id : UX DEVICE CLASS RTOS Condition cause : null
2024-09-30 00:21:38,435 [WARN] ConditionMgr:1039 - genDependencies : Invalid condition id : UX DEVICE CLASS RTOS Condition cause : null
2024-09-30 00:21:38,435 [WARN] ConditionMgr:1039 - genDependencies : Invalid condition id : UX DEVICE CLASS RTOS Condition cause : null
2024-09-30 00:21:38,442 [WARN] PackLoader:240 - Cannot read IP mode file for STMicroelectronics.X-CUBE-GNSS1.7.0.0
2024-09-30 00:21:38,447 [WARN] PackLoader:240 - Cannot read IP mode file for STMicroelectronics.FP-SNS-STBOX1.2.0.0
2024-09-30 00:21:38,456 [WARN] PackLoader:240 - Cannot read IP mode file for STMicroelectronics.X-CUBE-SUBG2.5.0.0
2024-09-30 00:21:38,463 [WARN] PackLoader:240 - Cannot read IP mode file for Cesanta.I-CUBE-Mongoose.7.13.0
2024-09-30 00:21:38,474 [WARN] PackLoader:240 - Cannot read IP mode file for STMicroelectronics.X-CUBE-AZRTOS-G4.2.0.0
2024-09-30 00:21:38,479 [WARN] PackLoader:240 - Cannot read IP mode file for STMicroelectronics.X-CUBE-ALS.1.0.2
2024-09-30 00:21:38,485 [WARN] PackLoader:240 - Cannot read IP mode file for STMicroelectronics.X-CUBE-TOUCHGFX.4.24.1
2024-09-30 00:21:38,488 [WARN] PackLoader:240 - Cannot read IP mode file for wolfSSL.I-CUBE-wolfTPM.3.4.0
2024-09-30 00:21:38,492 [WARN] PackLoader:240 - Cannot read IP mode file for portGmbH.I-Cube-SoM-uGOAL.1.1.0
2024-09-30 00:21:38,504 [WARN] PackLoader:240 - Cannot read IP mode file for STMicroelectronics.X-CUBE-AZRTOS-H7RS.1.0.0
2024-09-30 00:21:38,510 [WARN] PackLoader:240 - Cannot read IP mode file for STMicroelectronics.FP-ATR-ASTRA1.2.0.0
2024-09-30 00:21:38,517 [WARN] PackLoader:240 - Cannot read IP mode file for STMicroelectronics.X-CUBE-TOF1.3.4.2
2024-09-30 00:21:38,541 [WARN] PackLoader:240 - Cannot read IP mode file for Infineon.AIROC-Wi-Fi-Bluetooth-STM32.1.6.1
2024-09-30 00:21:38,547 [WARN] PackLoader:240 - Cannot read IP mode file for wolfSSL.I-CUBE-wolfSSH.1.4.17
2024-09-30 00:21:38,548 [INFO] ThirdParty:978 - Integrity check success = true
2024-09-30 00:21:38,548 [INFO] IntegrityCheckThread:100 - exiting critical section [integrity check]
2024-09-30 00:21:38,548 [INFO] IntegrityCheckThread:103 - End integrity checks thread
2024-09-30 00:21:38,891 [ERROR] LogOutputStream:75 - [STDERR_REDIRECT] 
2024-09-30 00:21:38,891 [ERROR] LogOutputStream:75 - [STDERR_REDIRECT] 
